*********************************************************************
*********************************************************************
*********************************************************************
******   W    WW    W      A      L          A      SSSSSSS    ******
******   W    WW    W     A A     L         A A     S          ******
******   W    WW    W    AAAAA    L        AAAAA    SSSSSSS    ******
******    W  W  W  W    A     A   L       A     A         S    ******
******     WW    WW    A       A  LLLLLL A       A  SSSSSSS    ******
*************  HYDROELASTICITY IN FREQUENCY DOMAIN      *************
*************  Author: Peng Yang                        *************
*************  Email:  pycssrc@qq.com                   *************
*************  Date:   June 2020                        *************
*************  Version 1.0                              *************
*********************************************************************

Wed Sep 30 22:09:47 2020
Program compiled for OS: Win64
Program compiled by GSL version: 2.6
Process number of the computer is 8

Coupled models from #0  to #1 .

Total elapsed time     1h     4m   46.818s.
-------------------------------------------------------------------------------------------
--------------------------------------E N D------------------------------------------------
-------------------------------------------------------------------------------------------