                                        MOTIONS (ORIGIN OF INTERNAL CALCULATING COORDINATE, WNX6)
-----------------------------------------------------------------------------------------------------------------------------------------------
WAVE ANGLE = 0.00
PERIOD   FREQ              Surge                Sway                 Heave                Roll                 Pitch                 Yaw
------   ----     -----------------------------------------------------------------------------------------------------------------------------
(SECS)  (RAD/S)        AMP      PHASE       AMP      PHASE       AMP      PHASE       AMP      PHASE       AMP      PHASE       AMP      PHASE
-----------------------------------------------------------------------------------------------------------------------------------------------
62.832   0.100     2.214e+001   89.953  2.804e-013    0.000  1.000e+000    0.157  2.045e-013    0.000  1.294e+000  -89.865  2.148e-010    0.000
31.416   0.200     1.107e+001   89.905  7.680e-014    0.000  1.002e+000    0.306  1.401e-013    0.000  2.587e+000  -89.731  7.584e-011    0.000
20.944   0.300     7.372e+000   89.857  2.824e-014    0.000  1.004e+000    0.453  1.223e-013    0.000  3.882e+000  -89.596  1.098e-011    0.000
15.708   0.400     5.524e+000   89.808  5.443e-014    0.000  1.007e+000    0.603  8.039e-014    0.000  5.177e+000  -89.460  1.775e-011    0.000
12.566   0.500     4.413e+000   89.759  2.734e-014    0.000  1.011e+000    0.757  2.711e-013    0.000  6.474e+000  -89.324  3.035e-013    0.000
10.472   0.600     3.671e+000   89.709  7.709e-015    0.000  1.016e+000    0.919  3.946e-014    0.000  7.772e+000  -89.188  4.199e-012    0.000
8.976    0.700     3.141e+000   89.658  3.865e-015    0.000  1.022e+000    1.091  1.349e-013    0.000  9.071e+000  -89.051  2.386e-013    0.000
7.854    0.800     2.742e+000   89.606  4.509e-016    0.000  1.029e+000    1.279  6.428e-014    0.000  1.037e+001  -88.913  5.070e-012    0.000
6.981    0.900     2.431e+000   89.552  1.149e-014    0.000  1.039e+000    1.486  1.336e-013    0.000  1.168e+001  -88.775  6.506e-012    0.000
6.283    1.000     2.181e+000   89.497  5.841e-016    0.000  1.050e+000    1.718  1.310e-013    0.000  1.298e+001  -88.636  2.384e-012    0.000
5.712    1.100     1.976e+000   89.440  3.131e-015    0.000  1.064e+000    1.985  5.463e-014    0.000  1.429e+001  -88.496  3.057e-012    0.000
5.236    1.200     1.805e+000   89.381  2.244e-015    0.000  1.080e+000    2.295  4.485e-014    0.000  1.561e+001  -88.355  3.277e-012    0.000
4.833    1.300     1.659e+000   89.318  5.984e-016    0.000  1.100e+000    2.665  2.376e-013    0.000  1.692e+001  -88.213  5.443e-013    0.000
4.488    1.400     1.534e+000   89.254  7.667e-016    0.000  1.125e+000    3.113  1.367e-013    0.000  1.825e+001  -88.070  2.437e-013    0.000
4.189    1.500     1.425e+000   89.185  2.494e-015    0.000  1.155e+000    3.668  2.842e-014    0.000  1.957e+001  -87.927  1.014e-012    0.000
3.927    1.600     1.329e+000   89.113  1.269e-015    0.000  1.193e+000    4.370  2.978e-013    0.000  2.090e+001  -87.784  2.260e-012    0.000
3.696    1.700     1.244e+000   89.036  5.468e-016    0.000  1.242e+000    5.281  2.482e-013    0.000  2.224e+001  -87.640  5.162e-013    0.000
3.491    1.800     1.167e+000   88.954  2.620e-015    0.000  1.304e+000    6.491  1.384e-013    0.000  2.358e+001  -87.496  1.109e-012    0.000
3.307    1.900     1.098e+000   88.866  1.253e-015    0.000  1.385e+000    8.150  3.096e-014    0.000  2.493e+001  -87.353  5.560e-013    0.000
3.142    2.000     1.036e+000   88.771  6.619e-016    0.000  1.495e+000   10.505  7.631e-014    0.000  2.629e+001  -87.211  2.477e-013    0.000
2.992    2.100     9.785e-001   88.668  1.393e-015    0.000  1.648e+000   13.995  2.108e-013    0.000  2.766e+001  -87.071  3.669e-013    0.000
2.856    2.200     9.260e-001   88.556  9.184e-016    0.000  1.865e+000   19.445  2.141e-014    0.000  2.903e+001  -86.933  7.698e-013    0.000
2.732    2.300     8.773e-001   88.433  9.270e-017    0.000  2.174e+000   28.506  1.073e-013    0.000  3.041e+001  -86.801  2.820e-013    0.000
2.618    2.400     8.321e-001   88.297  1.317e-015    0.000  2.561e+000   44.343  2.142e-013    0.000  3.180e+001  -86.682  1.656e-013    0.000
2.513    2.500     7.898e-001   88.143  9.351e-016    0.000  2.744e+000   70.318  6.239e-014    0.000  3.319e+001  -86.604  6.592e-013    0.000
2.417    2.600     7.500e-001   87.968  8.754e-016    0.000  2.254e+000  100.436  7.858e-014    0.000  3.463e+001  -86.564  4.806e-013    0.000
2.327    2.700     7.125e-001   87.770  3.830e-015    0.000  1.491e+000  123.372  2.396e-014    0.000  3.610e+001  -86.517  8.230e-013    0.000
2.244    2.800     6.770e-001   87.548  3.261e-015    0.000  8.660e-001  139.847  5.221e-014    0.000  3.760e+001  -86.472  8.061e-013    0.000
2.167    2.900     6.431e-001   87.295  4.781e-016    0.000  2.248e-001   -3.519  4.618e-014    0.000  3.913e+001  -86.430  1.733e-013    0.000
2.094    3.000     6.109e-001   87.020  8.031e-016    0.000  8.662e-001  109.445  1.194e-013    0.000  4.066e+001  -86.458  2.663e-013    0.000
2.027    3.100     5.799e-001   86.707  4.755e-016    0.000  5.630e-001  123.792  1.504e-013    0.000  4.228e+001  -86.514  1.190e-013    0.000
1.963    3.200     5.502e-001   86.362  5.183e-016    0.000  4.054e-001  127.572  8.133e-014    0.000  4.395e+001  -86.604  3.258e-013    0.000
1.904    3.300     5.217e-001   85.992  2.554e-016    0.000  3.041e-001  128.459  5.352e-014    0.000  4.571e+001  -86.730  5.452e-014    0.000
1.848    3.400     4.942e-001   85.608  6.196e-016    0.000  2.333e-001  127.927  1.395e-013    0.000  4.757e+001  -86.883  1.481e-013    0.000
1.795    3.500     4.678e-001   85.228  5.362e-016    0.000  1.816e-001  126.493  3.933e-014    0.000  4.956e+001  -87.049  2.320e-013    0.000
1.745    3.600     4.421e-001   84.875  2.625e-016    0.000  1.429e-001  124.398  4.649e-014    0.000  5.170e+001  -87.205  2.788e-014    0.000
1.698    3.700     4.171e-001   84.571  2.125e-016    0.000  1.134e-001  121.773  3.793e-014    0.000  5.400e+001  -87.323  9.370e-014    0.000
1.653    3.800     3.925e-001   84.335  6.137e-017    0.000  9.061e-002  118.697  2.446e-014    0.000  5.649e+001  -87.375  4.001e-014    0.000
1.611    3.900     3.681e-001   84.175  2.915e-016    0.000  7.283e-002  115.222  2.710e-014    0.000  5.917e+001  -87.335  7.193e-014    0.000
1.571    4.000     3.438e-001   84.090  1.845e-016    0.000  5.887e-002  111.389  2.575e-014    0.000  6.205e+001  -87.184  3.747e-014    0.000
1.532    4.100     3.195e-001   84.065  3.434e-016    0.000  4.784e-002  107.231  4.825e-014    0.000  6.514e+001  -86.907  6.195e-014    0.000
1.496    4.200     2.953e-001   84.088  1.637e-016    0.000  3.908e-002  102.784  5.376e-014    0.000  6.846e+001  -86.491  1.503e-014    0.000
-----------------------------------------------------------------------------------------------------------------------------------------------
WAVE ANGLE = 30.00
PERIOD   FREQ              Surge                Sway                 Heave                Roll                 Pitch                 Yaw
------   ----     -----------------------------------------------------------------------------------------------------------------------------
(SECS)  (RAD/S)        AMP      PHASE       AMP      PHASE       AMP      PHASE       AMP      PHASE       AMP      PHASE       AMP      PHASE
-----------------------------------------------------------------------------------------------------------------------------------------------
62.832   0.100     1.918e+001   89.973  1.107e+001   90.082  1.000e+000    0.157  6.468e-001   89.957  1.120e+000  -89.893  5.355e-001  -95.563
31.416   0.200     9.584e+000   89.945  5.534e+000   90.165  1.002e+000    0.306  1.294e+000   89.915  2.241e+000  -89.785  9.509e-001  -93.125
20.944   0.300     6.385e+000   89.917  3.686e+000   90.248  1.004e+000    0.453  1.941e+000   89.873  3.362e+000  -89.677  1.396e+000  -92.129
15.708   0.400     4.784e+000   89.889  2.762e+000   90.333  1.007e+000    0.603  2.589e+000   89.833  4.484e+000  -89.569  1.853e+000  -91.607
12.566   0.500     3.822e+000   89.861  2.206e+000   90.418  1.011e+000    0.757  3.237e+000   89.794  5.606e+000  -89.460  2.319e+000  -91.288
10.472   0.600     3.179e+000   89.833  1.836e+000   90.505  1.016e+000    0.919  3.887e+000   89.757  6.730e+000  -89.350  2.793e+000  -91.072
8.976    0.700     2.720e+000   89.804  1.570e+000   90.595  1.022e+000    1.092  4.537e+000   89.722  7.856e+000  -89.239  3.278e+000  -90.917
7.854    0.800     2.374e+000   89.774  1.371e+000   90.686  1.029e+000    1.280  5.189e+000   89.690  8.983e+000  -89.128  3.774e+000  -90.800
6.981    0.900     2.105e+000   89.744  1.215e+000   90.781  1.039e+000    1.488  5.842e+000   89.662  1.011e+001  -89.014  4.283e+000  -90.708
6.283    1.000     1.889e+000   89.713  1.091e+000   90.879  1.050e+000    1.721  6.496e+000   89.638  1.124e+001  -88.900  4.808e+000  -90.634
5.712    1.100     1.711e+000   89.682  9.883e-001   90.981  1.064e+000    1.989  7.152e+000   89.618  1.238e+001  -88.784  5.350e+000  -90.573
5.236    1.200     1.563e+000   89.649  9.026e-001   91.089  1.080e+000    2.301  7.811e+000   89.604  1.352e+001  -88.666  5.911e+000  -90.522
4.833    1.300     1.437e+000   89.616  8.298e-001   91.201  1.100e+000    2.672  8.471e+000   89.597  1.466e+001  -88.546  6.495e+000  -90.479
4.488    1.400     1.328e+000   89.581  7.672e-001   91.321  1.125e+000    3.122  9.134e+000   89.598  1.580e+001  -88.425  7.104e+000  -90.442
4.189    1.500     1.234e+000   89.546  7.126e-001   91.448  1.155e+000    3.679  9.800e+000   89.608  1.695e+001  -88.301  7.741e+000  -90.409
3.927    1.600     1.151e+000   89.508  6.645e-001   91.584  1.193e+000    4.384  1.047e+001   89.629  1.810e+001  -88.174  8.410e+000  -90.381
3.696    1.700     1.077e+000   89.469  6.218e-001   91.731  1.242e+000    5.296  1.114e+001   89.663  1.926e+001  -88.045  9.113e+000  -90.355
3.491    1.800     1.011e+000   89.429  5.836e-001   91.891  1.304e+000    6.510  1.181e+001   89.711  2.042e+001  -87.914  9.855e+000  -90.333
3.307    1.900     9.509e-001   89.386  5.491e-001   92.065  1.386e+000    8.172  1.249e+001   89.777  2.159e+001  -87.779  1.064e+001  -90.312
3.142    2.000     8.967e-001   89.341  5.178e-001   92.256  1.496e+000   10.531  1.318e+001   89.863  2.276e+001  -87.642  1.147e+001  -90.294
2.992    2.100     8.471e-001   89.293  4.891e-001   92.468  1.648e+000   14.023  1.386e+001   89.974  2.394e+001  -87.501  1.235e+001  -90.278
2.856    2.200     8.015e-001   89.242  4.626e-001   92.703  1.866e+000   19.476  1.455e+001   90.111  2.513e+001  -87.357  1.330e+001  -90.264
2.732    2.300     7.593e-001   89.188  4.381e-001   92.966  2.175e+000   28.538  1.525e+001   90.282  2.633e+001  -87.211  1.430e+001  -90.252
2.618    2.400     7.200e-001   89.130  4.152e-001   93.262  2.563e+000   44.372  1.594e+001   90.489  2.752e+001  -87.071  1.537e+001  -90.241
2.513    2.500     6.832e-001   89.063  3.936e-001   93.595  2.747e+000   70.335  1.665e+001   90.740  2.872e+001  -86.966  1.651e+001  -90.233
2.417    2.600     6.485e-001   88.986  3.732e-001   93.972  2.259e+000  100.420  1.735e+001   91.040  2.996e+001  -86.892  1.772e+001  -90.227
2.327    2.700     6.158e-001   88.900  3.537e-001   94.397  1.496e+000  123.262  1.805e+001   91.395  3.123e+001  -86.793  1.901e+001  -90.224
2.244    2.800     5.846e-001   88.803  3.349e-001   94.878  8.742e-001  139.361  1.875e+001   91.813  3.251e+001  -86.677  2.039e+001  -90.225
2.167    2.900     5.549e-001   88.691  3.166e-001   95.418  2.025e-001    3.668  1.944e+001   92.297  3.382e+001  -86.542  2.184e+001  -90.230
2.094    3.000     5.263e-001   88.574  2.987e-001   96.020  8.570e-001  110.518  2.012e+001   92.854  3.512e+001  -86.464  2.337e+001  -90.241
2.027    3.100     4.988e-001   88.433  2.811e-001   96.684  5.594e-001  124.639  2.078e+001   93.485  3.647e+001  -86.391  2.498e+001  -90.259
1.963    3.200     4.722e-001   88.274  2.635e-001   97.404  4.034e-001  128.407  2.141e+001   94.186  3.786e+001  -86.331  2.666e+001  -90.286
1.904    3.300     4.464e-001   88.098  2.458e-001   98.167  3.028e-001  129.360  2.199e+001   94.949  3.930e+001  -86.289  2.840e+001  -90.325
1.848    3.400     4.214e-001   87.910  2.281e-001   98.946  2.324e-001  128.944  2.251e+001   95.755  4.079e+001  -86.259  3.019e+001  -90.378
1.795    3.500     3.972e-001   87.719  2.103e-001   99.703  1.809e-001  127.674  2.297e+001   96.573  4.236e+001  -86.235  3.201e+001  -90.449
1.745    3.600     3.735e-001   87.536  1.924e-001  100.380  1.423e-001  125.792  2.334e+001   97.360  4.401e+001  -86.203  3.385e+001  -90.541
1.698    3.700     3.504e-001   87.375  1.746e-001  100.902  1.129e-001  123.435  2.361e+001   98.056  4.576e+001  -86.144  3.568e+001  -90.658
1.653    3.800     3.278e-001   87.246  1.572e-001  101.177  9.004e-002  120.692  2.380e+001   98.591  4.762e+001  -86.040  3.749e+001  -90.805
1.611    3.900     3.056e-001   87.159  1.403e-001  101.109  7.221e-002  117.622  2.392e+001   98.892  4.960e+001  -85.870  3.926e+001  -90.984
1.571    4.000     2.837e-001   87.114  1.244e-001  100.605  5.815e-002  114.269  2.401e+001   98.898  5.172e+001  -85.615  4.096e+001  -91.202
1.532    4.100     2.622e-001   87.113  1.096e-001   99.601  4.700e-002  110.665  2.409e+001   98.572  5.399e+001  -85.253  4.258e+001  -91.461
1.496    4.200     2.411e-001   87.158  9.631e-002   98.076  3.810e-002  106.837  2.425e+001   97.922  5.645e+001  -84.757  4.409e+001  -91.765
-----------------------------------------------------------------------------------------------------------------------------------------------
WAVE ANGLE = 60.00
PERIOD   FREQ              Surge                Sway                 Heave                Roll                 Pitch                 Yaw
------   ----     -----------------------------------------------------------------------------------------------------------------------------
(SECS)  (RAD/S)        AMP      PHASE       AMP      PHASE       AMP      PHASE       AMP      PHASE       AMP      PHASE       AMP      PHASE
-----------------------------------------------------------------------------------------------------------------------------------------------
62.832   0.100     1.107e+001   90.047  1.918e+001   90.047  1.000e+000    0.157  1.120e+000   90.005  6.468e-001  -89.994  1.429e-001 -111.296
31.416   0.200     5.534e+000   90.095  9.584e+000   90.095  1.002e+000    0.306  2.241e+000   90.010  1.294e+000  -89.988  8.391e-002 -128.143
20.944   0.300     3.686e+000   90.143  6.385e+000   90.144  1.004e+000    0.453  3.362e+000   90.015  1.941e+000  -89.982  6.778e-002 -139.928
15.708   0.400     2.762e+000   90.192  4.784e+000   90.192  1.007e+000    0.603  4.484e+000   90.022  2.589e+000  -89.974  6.120e-002 -148.075
12.566   0.500     2.206e+000   90.241  3.822e+000   90.242  1.011e+000    0.758  5.607e+000   90.030  3.237e+000  -89.965  5.797e-002 -153.879
10.472   0.600     1.836e+000   90.292  3.179e+000   90.293  1.016e+000    0.920  6.732e+000   90.039  3.886e+000  -89.955  5.621e-002 -158.181
8.976    0.700     1.570e+000   90.344  2.720e+000   90.345  1.022e+000    1.094  7.858e+000   90.051  4.536e+000  -89.942  5.519e-002 -161.492
7.854    0.800     1.371e+000   90.398  2.374e+000   90.399  1.029e+000    1.282  8.986e+000   90.064  5.186e+000  -89.927  5.460e-002 -164.126
6.981    0.900     1.215e+000   90.454  2.105e+000   90.455  1.039e+000    1.490  1.012e+001   90.081  5.838e+000  -89.909  5.428e-002 -166.282
6.283    1.000     1.091e+000   90.512  1.889e+000   90.513  1.050e+000    1.725  1.125e+001   90.101  6.492e+000  -89.888  5.414e-002 -168.089
5.712    1.100     9.882e-001   90.573  1.712e+000   90.574  1.064e+000    1.993  1.239e+001   90.124  7.147e+000  -89.862  5.413e-002 -169.636
5.236    1.200     9.025e-001   90.637  1.563e+000   90.638  1.080e+000    2.306  1.353e+001   90.153  7.803e+000  -89.832  5.422e-002 -170.983
4.833    1.300     8.297e-001   90.705  1.437e+000   90.707  1.100e+000    2.679  1.467e+001   90.186  8.462e+000  -89.797  5.439e-002 -172.175
4.488    1.400     7.670e-001   90.778  1.329e+000   90.780  1.125e+000    3.131  1.582e+001   90.226  9.122e+000  -89.755  5.463e-002 -173.244
4.189    1.500     7.124e-001   90.856  1.234e+000   90.858  1.155e+000    3.690  1.697e+001   90.273  9.785e+000  -89.705  5.495e-002 -174.213
3.927    1.600     6.644e-001   90.941  1.151e+000   90.943  1.193e+000    4.397  1.813e+001   90.329  1.045e+001  -89.647  5.532e-002 -175.100
3.696    1.700     6.217e-001   91.033  1.077e+000   91.035  1.242e+000    5.313  1.929e+001   90.394  1.112e+001  -89.578  5.575e-002 -175.918
3.491    1.800     5.834e-001   91.133  1.011e+000   91.135  1.304e+000    6.530  2.046e+001   90.470  1.179e+001  -89.497  5.624e-002 -176.678
3.307    1.900     5.489e-001   91.244  9.508e-001   91.246  1.386e+000    8.196  2.163e+001   90.560  1.246e+001  -89.402  5.679e-002 -177.386
3.142    2.000     5.176e-001   91.367  8.965e-001   91.369  1.496e+000   10.558  2.282e+001   90.664  1.314e+001  -89.289  5.741e-002 -178.049
2.992    2.100     4.889e-001   91.505  8.469e-001   91.506  1.649e+000   14.054  2.400e+001   90.787  1.382e+001  -89.157  5.808e-002 -178.667
2.856    2.200     4.624e-001   91.659  8.011e-001   91.660  1.866e+000   19.510  2.520e+001   90.929  1.450e+001  -89.001  5.881e-002 -179.242
2.732    2.300     4.379e-001   91.834  7.587e-001   91.833  2.176e+000   28.573  2.641e+001   91.096  1.518e+001  -88.819  5.961e-002 -179.773
2.618    2.400     4.150e-001   92.032  7.191e-001   92.029  2.565e+000   44.404  2.762e+001   91.289  1.586e+001  -88.623  6.047e-002  179.744
2.513    2.500     3.935e-001   92.253  6.819e-001   92.251  2.751e+000   70.357  2.884e+001   91.513  1.653e+001  -88.454  6.139e-002  179.315
2.417    2.600     3.731e-001   92.497  6.467e-001   92.503  2.263e+000  100.412  3.007e+001   91.772  1.723e+001  -88.296  6.235e-002  178.951
2.327    2.700     3.538e-001   92.773  6.132e-001   92.789  1.502e+000  123.168  3.131e+001   92.070  1.795e+001  -88.045  6.337e-002  178.662
2.244    2.800     3.352e-001   93.087  5.810e-001   93.111  8.824e-001  138.919  3.255e+001   92.411  1.867e+001  -87.710  6.441e-002  178.464
2.167    2.900     3.172e-001   93.436  5.499e-001   93.473  1.839e-001   12.060  3.379e+001   92.799  1.938e+001  -87.279  6.546e-002  178.377
2.094    3.000     2.997e-001   93.841  5.195e-001   93.875  8.482e-001  111.579  3.502e+001   93.236  2.005e+001  -86.875  6.648e-002  178.421
2.027    3.100     2.825e-001   94.275  4.898e-001   94.316  5.559e-001  125.475  3.624e+001   93.724  2.075e+001  -86.402  6.742e-002  178.622
1.963    3.200     2.656e-001   94.740  4.604e-001   94.791  4.015e-001  129.235  3.743e+001   94.260  2.142e+001  -85.877  6.823e-002  179.003
1.904    3.300     2.487e-001   95.226  4.313e-001   95.290  3.016e-001  130.254  3.859e+001   94.840  2.206e+001  -85.312  6.882e-002  179.586
1.848    3.400     2.320e-001   95.716  4.023e-001   95.797  2.315e-001  129.956  3.970e+001   95.451  2.268e+001  -84.720  6.909e-002 -179.616
1.795    3.500     2.153e-001   96.183  3.734e-001   96.284  1.803e-001  128.850  4.075e+001   96.078  2.325e+001  -84.118  6.894e-002 -178.600
1.745    3.600     1.987e-001   96.593  3.447e-001   96.720  1.418e-001  127.184  4.173e+001   96.696  2.379e+001  -83.532  6.825e-002 -177.385
1.698    3.700     1.824e-001   96.903  3.164e-001   97.061  1.124e-001  125.102  4.265e+001   97.276  2.428e+001  -82.992  6.690e-002 -176.009
1.653    3.800     1.664e-001   97.067  2.887e-001   97.263  8.956e-002  122.700  4.350e+001   97.786  2.473e+001  -82.530  6.483e-002 -174.543
1.611    3.900     1.510e-001   97.041  2.620e-001   97.284  7.169e-002  120.049  4.431e+001   98.201  2.516e+001  -82.176  6.202e-002 -173.079
1.571    4.000     1.363e-001   96.796  2.365e-001   97.097  5.756e-002  117.202  4.513e+001   98.506  2.558e+001  -81.944  5.849e-002 -171.729
1.532    4.100     1.226e-001   96.328  2.126e-001   96.699  4.631e-002  114.200  4.602e+001   98.716  2.604e+001  -81.825  5.435e-002 -170.614
1.496    4.200     1.099e-001   95.664  1.905e-001   96.122  3.728e-002  111.071  4.705e+001   98.874  2.658e+001  -81.780  4.975e-002 -169.854
-----------------------------------------------------------------------------------------------------------------------------------------------
WAVE ANGLE = 90.00
PERIOD   FREQ              Surge                Sway                 Heave                Roll                 Pitch                 Yaw
------   ----     -----------------------------------------------------------------------------------------------------------------------------
(SECS)  (RAD/S)        AMP      PHASE       AMP      PHASE       AMP      PHASE       AMP      PHASE       AMP      PHASE       AMP      PHASE
-----------------------------------------------------------------------------------------------------------------------------------------------
62.832   0.100     1.828e-002  180.000  2.214e+001   90.000  1.000e+000    0.157  1.294e+000   90.069  1.445e-003  179.693  3.024e-001   90.000
31.416   0.200     1.836e-002  180.000  1.107e+001   90.000  1.002e+000    0.306  2.587e+000   90.139  5.783e-003  179.953  8.351e-001   90.000
20.944   0.300     1.841e-002 -180.000  7.372e+000   90.000  1.004e+000    0.453  3.882e+000   90.209  1.300e-002 -179.918  1.320e+000   90.000
15.708   0.400     1.846e-002 -179.999  5.524e+000   90.000  1.007e+000    0.603  5.178e+000   90.280  2.308e-002 -179.820  1.796e+000   90.000
12.566   0.500     1.854e-002 -179.999  4.413e+000   90.001  1.011e+000    0.757  6.474e+000   90.352  3.599e-002 -179.734  2.274e+000   90.000
10.472   0.600     1.862e-002 -179.997  3.671e+000   90.001  1.016e+000    0.920  7.773e+000   90.424  5.170e-002 -179.653  2.756e+000   90.000
8.976    0.700     1.873e-002 -179.994  3.141e+000   90.002  1.022e+000    1.093  9.073e+000   90.498  7.015e-002 -179.576  3.247e+000   90.000
7.854    0.800     1.886e-002 -179.990  2.742e+000   90.002  1.029e+000    1.281  1.038e+001   90.574  9.129e-002 -179.500  3.747e+000   90.000
6.981    0.900     1.901e-002 -179.984  2.431e+000   90.004  1.039e+000    1.488  1.168e+001   90.651  1.150e-001 -179.426  4.260e+000   90.000
6.283    1.000     1.918e-002 -179.975  2.181e+000   90.005  1.050e+000    1.722  1.299e+001   90.730  1.412e-001 -179.352  4.788e+000   90.000
5.712    1.100     1.938e-002 -179.962  1.976e+000   90.007  1.064e+000    1.990  1.430e+001   90.812  1.698e-001 -179.279  5.333e+000   90.000
5.236    1.200     1.960e-002 -179.943  1.805e+000   90.009  1.080e+000    2.302  1.562e+001   90.896  2.005e-001 -179.208  5.897e+000   90.000
4.833    1.300     1.985e-002 -179.917  1.659e+000   90.013  1.100e+000    2.673  1.694e+001   90.983  2.331e-001 -179.140  6.482e+000   90.000
4.488    1.400     2.014e-002 -179.881  1.534e+000   90.017  1.125e+000    3.123  1.826e+001   91.074  2.674e-001 -179.076  7.093e+000   90.000
4.189    1.500     2.046e-002 -179.832  1.425e+000   90.022  1.155e+000    3.681  1.959e+001   91.169  3.029e-001 -179.021  7.732e+000   90.000
3.927    1.600     2.082e-002 -179.767  1.329e+000   90.028  1.193e+000    4.386  2.093e+001   91.268  3.392e-001 -178.978  8.401e+000   90.000
3.696    1.700     2.123e-002 -179.679  1.243e+000   90.035  1.242e+000    5.299  2.227e+001   91.371  3.758e-001 -178.956  9.106e+000   90.000
3.491    1.800     2.169e-002 -179.562  1.167e+000   90.045  1.304e+000    6.513  2.362e+001   91.480  4.117e-001 -178.966  9.849e+000   90.000
3.307    1.900     2.221e-002 -179.408  1.098e+000   90.056  1.386e+000    8.177  2.498e+001   91.595  4.461e-001 -179.029  1.063e+001   89.999
3.142    2.000     2.279e-002 -179.206  1.035e+000   90.070  1.496e+000   10.536  2.634e+001   91.717  4.777e-001 -179.182  1.147e+001   89.999
2.992    2.100     2.345e-002 -178.942  9.780e-001   90.087  1.648e+000   14.030  2.772e+001   91.846  5.049e-001 -179.492  1.235e+001   89.998
2.856    2.200     2.420e-002 -178.599  9.252e-001   90.107  1.866e+000   19.485  2.911e+001   91.984  5.260e-001  179.901  1.329e+001   89.997
2.732    2.300     2.504e-002 -178.147  8.764e-001   90.132  2.175e+000   28.549  3.050e+001   92.130  5.394e-001  178.699  1.430e+001   89.995
2.618    2.400     2.599e-002 -177.544  8.309e-001   90.161  2.563e+000   44.386  3.191e+001   92.285  5.473e-001  176.375  1.537e+001   89.993
2.513    2.500     2.703e-002 -176.742  7.882e-001   90.194  2.747e+000   70.355  3.334e+001   92.450  5.615e-001  173.190  1.651e+001   89.989
2.417    2.600     2.815e-002 -175.796  7.480e-001   90.233  2.258e+000  100.449  3.478e+001   92.626  5.743e-001  171.610  1.772e+001   89.985
2.327    2.700     2.940e-002 -174.714  7.098e-001   90.277  1.496e+000  123.312  3.623e+001   92.812  5.517e-001  170.216  1.902e+001   89.978
2.244    2.800     3.079e-002 -173.395  6.733e-001   90.325  8.739e-001  139.477  3.770e+001   93.008  4.983e-001  165.997  2.039e+001   89.968
2.167    2.900     3.229e-002 -171.759  6.383e-001   90.376  2.033e-001    2.462  3.919e+001   93.213  4.143e-001  155.953  2.185e+001   89.954
2.094    3.000     3.401e-002 -169.847  6.045e-001   90.428  8.573e-001  110.401  4.070e+001   93.427  3.864e-001  134.085  2.338e+001   89.936
2.027    3.100     3.577e-002 -167.440  5.717e-001   90.479  5.595e-001  124.570  4.222e+001   93.647  4.164e-001  106.339  2.499e+001   89.910
1.963    3.200     3.758e-002 -164.619  5.397e-001   90.523  4.035e-001  128.355  4.377e+001   93.871  5.828e-001   82.985  2.667e+001   89.876
1.904    3.300     3.940e-002 -161.339  5.084e-001   90.558  3.029e-001  129.315  4.534e+001   94.097  8.770e-001   70.667  2.841e+001   89.831
1.848    3.400     4.114e-002 -157.575  4.778e-001   90.576  2.324e-001  128.903  4.694e+001   94.322  1.280e+000   65.479  3.020e+001   89.771
1.795    3.500     4.271e-002 -153.324  4.477e-001   90.573  1.809e-001  127.634  4.857e+001   94.543  1.784e+000   64.188  3.202e+001   89.694
1.745    3.600     4.401e-002 -148.602  4.182e-001   90.541  1.423e-001  125.753  5.023e+001   94.760  2.388e+000   65.182  3.385e+001   89.595
1.698    3.700     4.492e-002 -143.451  3.893e-001   90.475  1.128e-001  123.398  5.195e+001   94.971  3.089e+000   67.646  3.569e+001   89.472
1.653    3.800     4.534e-002 -137.938  3.610e-001   90.367  9.003e-002  120.655  5.373e+001   95.180  3.879e+000   71.112  3.750e+001   89.318
1.611    3.900     4.519e-002 -132.151  3.335e-001   90.212  7.220e-002  117.586  5.560e+001   95.391  4.749e+000   75.277  3.926e+001   89.131
1.571    4.000     4.447e-002 -126.184  3.068e-001   90.009  5.814e-002  114.234  5.758e+001   95.616  5.685e+000   79.925  4.096e+001   88.906
1.532    4.100     4.319e-002 -120.132  2.811e-001   89.762  4.698e-002  110.632  5.972e+001   95.877  6.677e+000   84.897  4.258e+001   88.640
1.496    4.200     4.142e-002 -114.063  2.564e-001   89.488  3.807e-002  106.804  6.208e+001   96.212  7.719e+000   90.091  4.410e+001   88.328
-----------------------------------------------------------------------------------------------------------------------------------------------
WAVE ANGLE = 120.00
PERIOD   FREQ              Surge                Sway                 Heave                Roll                 Pitch                 Yaw
------   ----     -----------------------------------------------------------------------------------------------------------------------------
(SECS)  (RAD/S)        AMP      PHASE       AMP      PHASE       AMP      PHASE       AMP      PHASE       AMP      PHASE       AMP      PHASE
-----------------------------------------------------------------------------------------------------------------------------------------------
62.832   0.100     1.107e+001  -90.047  1.918e+001   89.953  1.000e+000    0.157  1.120e+000   90.134  6.468e-001   90.132  1.429e-001  -68.704
31.416   0.200     5.534e+000  -90.095  9.584e+000   89.905  1.002e+000    0.306  2.241e+000   90.269  1.294e+000   90.265  8.391e-002  -51.858
20.944   0.300     3.686e+000  -90.143  6.385e+000   89.857  1.004e+000    0.453  3.362e+000   90.403  1.941e+000   90.398  6.777e-002  -40.073
15.708   0.400     2.762e+000  -90.191  4.784e+000   89.808  1.007e+000    0.603  4.484e+000   90.538  2.589e+000   90.531  6.120e-002  -31.927
12.566   0.500     2.206e+000  -90.240  3.822e+000   89.759  1.011e+000    0.757  5.607e+000   90.673  3.237e+000   90.664  5.796e-002  -26.123
10.472   0.600     1.836e+000  -90.290  3.179e+000   89.709  1.016e+000    0.919  6.732e+000   90.809  3.886e+000   90.798  5.620e-002  -21.821
8.976    0.700     1.570e+000  -90.341  2.720e+000   89.658  1.022e+000    1.092  7.858e+000   90.946  4.536e+000   90.932  5.518e-002  -18.509
7.854    0.800     1.371e+000  -90.393  2.374e+000   89.606  1.029e+000    1.279  8.986e+000   91.083  5.187e+000   91.067  5.458e-002  -15.873
6.981    0.900     1.215e+000  -90.447  2.105e+000   89.552  1.039e+000    1.486  1.012e+001   91.221  5.839e+000   91.203  5.426e-002  -13.714
6.283    1.000     1.091e+000  -90.502  1.889e+000   89.497  1.050e+000    1.719  1.125e+001   91.360  6.492e+000   91.339  5.411e-002  -11.902
5.712    1.100     9.882e-001  -90.559  1.712e+000   89.440  1.064e+000    1.986  1.239e+001   91.499  7.147e+000   91.475  5.409e-002  -10.348
5.236    1.200     9.025e-001  -90.618  1.563e+000   89.380  1.080e+000    2.297  1.353e+001   91.639  7.804e+000   91.613  5.417e-002   -8.989
4.833    1.300     8.297e-001  -90.680  1.437e+000   89.318  1.100e+000    2.666  1.467e+001   91.780  8.463e+000   91.750  5.433e-002   -7.782
4.488    1.400     7.671e-001  -90.745  1.329e+000   89.254  1.125e+000    3.115  1.582e+001   91.922  9.123e+000   91.888  5.457e-002   -6.692
4.189    1.500     7.125e-001  -90.814  1.234e+000   89.185  1.155e+000    3.670  1.697e+001   92.064  9.787e+000   92.026  5.487e-002   -5.694
3.927    1.600     6.644e-001  -90.886  1.151e+000   89.113  1.193e+000    4.373  1.813e+001   92.206  1.045e+001   92.163  5.523e-002   -4.769
3.696    1.700     6.218e-001  -90.963  1.077e+000   89.036  1.242e+000    5.284  1.929e+001   92.349  1.112e+001   92.300  5.564e-002   -3.899
3.491    1.800     5.836e-001  -91.045  1.011e+000   88.954  1.304e+000    6.496  2.046e+001   92.490  1.179e+001   92.435  5.612e-002   -3.072
3.307    1.900     5.491e-001  -91.134  9.512e-001   88.867  1.385e+000    8.156  2.164e+001   92.631  1.247e+001   92.567  5.665e-002   -2.276
3.142    2.000     5.178e-001  -91.230  8.970e-001   88.772  1.495e+000   10.513  2.282e+001   92.770  1.315e+001   92.694  5.723e-002   -1.499
2.992    2.100     4.893e-001  -91.334  8.475e-001   88.669  1.648e+000   14.004  2.402e+001   92.906  1.383e+001   92.816  5.788e-002   -0.731
2.856    2.200     4.630e-001  -91.448  8.020e-001   88.557  1.865e+000   19.458  2.522e+001   93.037  1.453e+001   92.930  5.858e-002    0.038
2.732    2.300     4.387e-001  -91.575  7.599e-001   88.433  2.174e+000   28.522  2.643e+001   93.163  1.523e+001   93.034  5.934e-002    0.818
2.618    2.400     4.161e-001  -91.716  7.208e-001   88.297  2.560e+000   44.365  2.766e+001   93.280  1.594e+001   93.140  6.015e-002    1.623
2.513    2.500     3.950e-001  -91.869  6.842e-001   88.144  2.743e+000   70.348  2.891e+001   93.386  1.668e+001   93.292  6.101e-002    2.466
2.417    2.600     3.752e-001  -92.035  6.498e-001   87.974  2.253e+000  100.480  3.017e+001   93.477  1.739e+001   93.476  6.192e-002    3.361
2.327    2.700     3.564e-001  -92.223  6.173e-001   87.782  1.490e+000  123.446  3.145e+001   93.551  1.811e+001   93.587  6.286e-002    4.326
2.244    2.800     3.386e-001  -92.438  5.866e-001   87.566  8.650e-001  140.021  3.276e+001   93.601  1.883e+001   93.632  6.382e-002    5.382
2.167    2.900     3.217e-001  -92.679  5.572e-001   87.321  2.284e-001   -4.999  3.410e+001   93.624  1.957e+001   93.596  6.477e-002    6.551
2.094    3.000     3.055e-001  -92.970  5.293e-001   87.045  8.674e-001  109.280  3.547e+001   93.616  2.037e+001   93.602  6.568e-002    7.859
2.027    3.100     2.900e-001  -93.283  5.025e-001   86.738  5.635e-001  123.698  3.690e+001   93.572  2.117e+001   93.552  6.650e-002    9.332
1.963    3.200     2.751e-001  -93.628  4.768e-001   86.401  4.057e-001  127.502  3.838e+001   93.492  2.200e+001   93.455  6.717e-002   10.996
1.904    3.300     2.609e-001  -93.997  4.521e-001   86.040  3.043e-001  128.402  3.995e+001   93.378  2.287e+001   93.323  6.762e-002   12.876
1.848    3.400     2.472e-001  -94.380  4.283e-001   85.669  2.334e-001  127.878  4.161e+001   93.241  2.380e+001   93.164  6.775e-002   14.989
1.795    3.500     2.339e-001  -94.760  4.054e-001   85.303  1.817e-001  126.450  4.339e+001   93.096  2.480e+001   92.993  6.746e-002   17.342
1.745    3.600     2.211e-001  -95.113  3.832e-001   84.968  1.430e-001  124.360  4.531e+001   92.966  2.586e+001   92.833  6.665e-002   19.923
1.698    3.700     2.086e-001  -95.416  3.616e-001   84.687  1.134e-001  121.739  4.740e+001   92.880  2.702e+001   92.711  6.522e-002   22.703
1.653    3.800     1.963e-001  -95.652  3.402e-001   84.479  9.063e-002  118.668  4.965e+001   92.870  2.826e+001   92.656  6.312e-002   25.627
1.611    3.900     1.841e-001  -95.810  3.191e-001   84.355  7.284e-002  115.199  5.208e+001   92.962  2.960e+001   92.693  6.033e-002   28.622
1.571    4.000     1.719e-001  -95.895  2.980e-001   84.314  5.886e-002  111.372  5.470e+001   93.179  3.104e+001   92.842  5.691e-002   31.606
1.532    4.100     1.598e-001  -95.919  2.769e-001   84.346  4.781e-002  107.220  5.753e+001   93.537  3.258e+001   93.115  5.294e-002   34.497
1.496    4.200     1.477e-001  -95.897  2.559e-001   84.439  3.904e-002  102.777  6.059e+001   94.059  3.424e+001   93.529  4.858e-002   37.236
-----------------------------------------------------------------------------------------------------------------------------------------------
WAVE ANGLE = 180.00
PERIOD   FREQ              Surge                Sway                 Heave                Roll                 Pitch                 Yaw
------   ----     -----------------------------------------------------------------------------------------------------------------------------
(SECS)  (RAD/S)        AMP      PHASE       AMP      PHASE       AMP      PHASE       AMP      PHASE       AMP      PHASE       AMP      PHASE
-----------------------------------------------------------------------------------------------------------------------------------------------
62.832   0.100     2.214e+001  -89.953  3.225e-013    0.000  1.000e+000    0.157  2.046e-013    0.000  1.294e+000   90.004  2.149e-010    0.000
31.416   0.200     1.107e+001  -89.905  1.107e-013    0.000  1.002e+000    0.306  1.411e-013    0.000  2.587e+000   90.007  7.598e-011    0.000
20.944   0.300     7.372e+000  -89.857  5.992e-014    0.000  1.004e+000    0.453  1.254e-013    0.000  3.882e+000   90.012  1.110e-011    0.000
15.708   0.400     5.524e+000  -89.808  6.734e-014    0.000  1.007e+000    0.603  1.079e-013    0.000  5.177e+000   90.017  1.797e-011    0.000
12.566   0.500     4.413e+000  -89.758  4.034e-014    0.000  1.011e+000    0.758  2.745e-013    0.000  6.474e+000   90.023  2.243e-013    0.000
10.472   0.600     3.671e+000  -89.707  2.611e-014    0.000  1.016e+000    0.920  6.783e-014    0.000  7.772e+000   90.031  4.645e-012    0.000
8.976    0.700     3.141e+000  -89.655  2.194e-014    0.000  1.022e+000    1.093  1.469e-013    0.000  9.071e+000   90.041  5.363e-014    0.000
7.854    0.800     2.742e+000  -89.601  1.940e-014    0.000  1.029e+000    1.282  9.789e-014    0.000  1.037e+001   90.054  5.385e-012    0.000
6.981    0.900     2.431e+000  -89.545  2.003e-014    0.000  1.039e+000    1.490  1.611e-013    0.000  1.168e+001   90.068  5.364e-012    0.000
6.283    1.000     2.181e+000  -89.487  1.544e-014    0.000  1.050e+000    1.724  1.446e-013    0.000  1.298e+001   90.087  2.231e-012    0.000
5.712    1.100     1.976e+000  -89.426  1.464e-014    0.000  1.064e+000    1.993  1.190e-013    0.000  1.429e+001   90.109  3.082e-012    0.000
5.236    1.200     1.805e+000  -89.362  1.267e-014    0.000  1.080e+000    2.306  1.323e-013    0.000  1.561e+001   90.135  3.207e-012    0.000
4.833    1.300     1.659e+000  -89.294  1.189e-014    0.000  1.100e+000    2.679  2.526e-013    0.000  1.692e+001   90.166  4.750e-013    0.000
4.488    1.400     1.534e+000  -89.221  1.068e-014    0.000  1.125e+000    3.131  1.787e-013    0.000  1.825e+001   90.204  3.695e-013    0.000
4.189    1.500     1.425e+000  -89.143  1.061e-014    0.000  1.155e+000    3.690  1.418e-013    0.000  1.957e+001   90.248  4.932e-013    0.000
3.927    1.600     1.329e+000  -89.058  9.068e-015    0.000  1.193e+000    4.398  3.051e-013    0.000  2.090e+001   90.300  2.679e-012    0.000
3.696    1.700     1.243e+000  -88.967  8.195e-015    0.000  1.242e+000    5.314  2.674e-013    0.000  2.224e+001   90.362  3.828e-013    0.000
3.491    1.800     1.167e+000  -88.866  8.533e-015    0.000  1.304e+000    6.531  1.945e-013    0.000  2.358e+001   90.434  8.736e-013    0.000
3.307    1.900     1.098e+000  -88.756  7.501e-015    0.000  1.386e+000    8.198  1.756e-013    0.000  2.493e+001   90.518  9.652e-013    0.000
3.142    2.000     1.035e+000  -88.634  7.246e-015    0.000  1.496e+000   10.561  2.031e-013    0.000  2.629e+001   90.616  3.596e-013    0.000
2.992    2.100     9.777e-001  -88.497  7.119e-015    0.000  1.649e+000   14.058  3.158e-013    0.000  2.765e+001   90.731  4.076e-013    0.000
2.856    2.200     9.248e-001  -88.345  6.455e-015    0.000  1.866e+000   19.516  2.230e-013    0.000  2.903e+001   90.863  3.852e-013    0.000
2.732    2.300     8.758e-001  -88.174  6.038e-015    0.000  2.176e+000   28.581  2.732e-013    0.000  3.041e+001   91.017  3.610e-013    0.000
2.618    2.400     8.301e-001  -87.981  5.625e-015    0.000  2.564e+000   44.417  2.060e-013    0.000  3.181e+001   91.204  1.303e-013    0.000
2.513    2.500     7.872e-001  -87.761  6.501e-015    0.000  2.750e+000   70.375  1.910e-013    0.000  3.323e+001   91.449  5.101e-013    0.000
2.417    2.600     7.465e-001  -87.509  5.622e-015    0.000  2.262e+000  100.440  2.163e-013    0.000  3.463e+001   91.752  6.381e-013    0.000
2.327    2.700     7.078e-001  -87.223  5.489e-015    0.000  1.500e+000  123.215  4.052e-013    0.000  3.601e+001   92.064  1.555e-012    0.000
2.244    2.800     6.706e-001  -86.903  5.397e-015    0.000  8.804e-001  139.028  1.256e-013    0.000  3.740e+001   92.397  3.778e-013    0.000
2.167    2.900     6.346e-001  -86.542  3.400e-015    0.000  1.887e-001   10.590  3.687e-013    0.000  3.878e+001   92.750  5.863e-013    0.000
2.094    3.000     5.995e-001  -86.151  4.241e-015    0.000  8.506e-001  111.472  1.575e-013    0.000  4.019e+001   93.188  4.932e-013    0.000
2.027    3.100     5.651e-001  -85.718  4.008e-015    0.000  5.569e-001  125.419  3.189e-013    0.000  4.155e+001   93.664  6.238e-013    0.000
1.963    3.200     5.311e-001  -85.253  3.937e-015    0.000  4.021e-001  129.199  2.754e-013    0.000  4.288e+001   94.182  5.188e-013    0.000
1.904    3.300     4.975e-001  -84.767  3.826e-015    0.000  3.020e-001  130.232  2.897e-013    0.000  4.417e+001   94.739  6.650e-013    0.000
1.848    3.400     4.639e-001  -84.278  3.590e-015    0.000  2.318e-001  129.944  4.235e-013    0.000  4.540e+001   95.325  5.909e-013    0.000
1.795    3.500     4.306e-001  -83.811  3.716e-015    0.000  1.805e-001  128.847  3.207e-013    0.000  4.655e+001   95.921  6.876e-013    0.000
1.745    3.600     3.975e-001  -83.401  3.269e-015    0.000  1.419e-001  127.189  3.824e-013    0.000  4.762e+001   96.502  7.264e-013    0.000
1.698    3.700     3.648e-001  -83.092  2.877e-015    0.000  1.125e-001  125.116  2.792e-013    0.000  4.860e+001   97.038  7.359e-013    0.000
1.653    3.800     3.329e-001  -82.929  3.197e-015    0.000  8.961e-002  122.722  5.217e-013    0.000  4.950e+001   97.496  7.670e-013    0.000
1.611    3.900     3.020e-001  -82.956  2.881e-015    0.000  7.172e-002  120.079  4.234e-013    0.000  5.036e+001   97.847  8.169e-013    0.000
1.571    4.000     2.727e-001  -83.201  2.415e-015    0.000  5.757e-002  117.239  4.505e-013    0.000  5.121e+001   98.076  8.223e-013    0.000
1.532    4.100     2.452e-001  -83.670  2.345e-015    0.000  4.629e-002  114.243  5.219e-013    0.000  5.214e+001   98.193  8.662e-013    0.000
1.496    4.200     2.198e-001  -84.334  2.132e-015    0.000  3.725e-002  111.117  5.461e-013    0.000  5.320e+001   98.238  9.736e-013    0.000
-----------------------------------------------------------------------------------------------------------------------------------------------
